\BOOKMARK [1][-]{section.1}{Plano de Gest\343o}{}% 1
\BOOKMARK [2][-]{subsection.1.1}{Fatores Culturais}{section.1}% 2
\BOOKMARK [2][-]{subsection.1.2}{Fatores Ambientais}{section.1}% 3
\BOOKMARK [2][-]{subsection.1.3}{Fatores Mercadol\363gicos}{section.1}% 4
\BOOKMARK [3][-]{subsubsection.1.3.1}{Servi\347os de Streaming}{subsection.1.3}% 5
\BOOKMARK [3][-]{subsubsection.1.3.2}{Eventos Presenciais}{subsection.1.3}% 6
\BOOKMARK [3][-]{subsubsection.1.3.3}{Televis\343o}{subsection.1.3}% 7
\BOOKMARK [2][-]{subsection.1.4}{Fatores Geogr\341ficos}{section.1}% 8
\BOOKMARK [2][-]{subsection.1.5}{Fatores Pol\355ticos}{section.1}% 9
\BOOKMARK [2][-]{subsection.1.6}{Fatores Econ\364micos}{section.1}% 10
\BOOKMARK [2][-]{subsection.1.7}{Fatores Sociais}{section.1}% 11
\BOOKMARK [2][-]{subsection.1.8}{Fatores Tecnol\363gicos}{section.1}% 12
\BOOKMARK [2][-]{subsection.1.9}{An\341lise SWOT}{section.1}% 13
\BOOKMARK [2][-]{subsection.1.10}{Modelo de Neg\363cio Canvas}{section.1}% 14
\BOOKMARK [2][-]{subsection.1.11}{Fatores Cr\355ticos de sucesso}{section.1}% 15
\BOOKMARK [1][-]{section.2}{Plano de Marketing}{}% 16
\BOOKMARK [2][-]{subsection.2.1}{Descri\347\343o dos Servi\347os}{section.2}% 17
\BOOKMARK [2][-]{subsection.2.2}{For\347as do Marketing}{section.2}% 18
\BOOKMARK [3][-]{subsubsection.2.2.1}{Produto}{subsection.2.2}% 19
\BOOKMARK [3][-]{subsubsection.2.2.2}{Pre\347o}{subsection.2.2}% 20
\BOOKMARK [3][-]{subsubsection.2.2.3}{Pra\347a}{subsection.2.2}% 21
\BOOKMARK [3][-]{subsubsection.2.2.4}{Promo\347\343o}{subsection.2.2}% 22
\BOOKMARK [3][-]{subsubsection.2.2.5}{Pessoas}{subsection.2.2}% 23
\BOOKMARK [3][-]{subsubsection.2.2.6}{Processos}{subsection.2.2}% 24
\BOOKMARK [1][-]{section.3}{Plano Operacional}{}% 25
\BOOKMARK [2][-]{subsection.3.1}{Layout Operacional}{section.3}% 26
\BOOKMARK [2][-]{subsection.3.2}{Capacidade de Presta\347\343o}{section.3}% 27
\BOOKMARK [2][-]{subsection.3.3}{Processos Operacionais}{section.3}% 28
\BOOKMARK [2][-]{subsection.3.4}{Necessidade inicial de colaboradores}{section.3}% 29
\BOOKMARK [1][-]{section.4}{Plano Financeiro}{}% 30
\BOOKMARK [2][-]{subsection.4.1}{Investimentos Iniciais}{section.4}% 31
\BOOKMARK [2][-]{subsection.4.2}{Capital de Giro}{section.4}% 32
\BOOKMARK [2][-]{subsection.4.3}{Investimentos Pr\351-Operacionais}{section.4}% 33
\BOOKMARK [2][-]{subsection.4.4}{Investimento Total}{section.4}% 34
\BOOKMARK [2][-]{subsection.4.5}{Estimativa de faturamento}{section.4}% 35
\BOOKMARK [2][-]{subsection.4.6}{Estimativa do custo de comercializa\347\343o}{section.4}% 36
\BOOKMARK [2][-]{subsection.4.7}{Estimativa do custo de cada produto vendido}{section.4}% 37
\BOOKMARK [2][-]{subsection.4.8}{Custos com Deprecia\347\343o}{section.4}% 38
\BOOKMARK [2][-]{subsection.4.9}{Custos Operacionais}{section.4}% 39
\BOOKMARK [2][-]{subsection.4.10}{DRE}{section.4}% 40
\BOOKMARK [2][-]{subsection.4.11}{O Fluxo de Caixa}{section.4}% 41
\BOOKMARK [2][-]{subsection.4.12}{Indicadores de Viabilidade}{section.4}% 42
\BOOKMARK [2][-]{subsection.4.13}{Cen\341rio Alternativo}{section.4}% 43
\BOOKMARK [1][-]{section.5}{Estrutura da Empresa}{}% 44
\BOOKMARK [2][-]{subsection.5.1}{Estrutura Organizacional}{section.5}% 45
\BOOKMARK [2][-]{subsection.5.2}{Estrutura jur\355dica}{section.5}% 46
